<?xml version="1.0" encoding="UTF-8"?>
<coverage generated="1773832856137" clover="3.2.0">
  <project timestamp="1773832856137" name="All files">
    <metrics statements="144" coveredstatements="118" conditionals="90" coveredconditionals="67" methods="23" coveredmethods="21" elements="257" coveredelements="206" complexity="0" loc="144" ncloc="144" packages="1" files="1" classes="1"/>
    <file name="predictor.js" path="/Users/lizheng/.openclaw/workspace/projects/fertility-predictor/backend/src/services/predictor.js">
      <metrics statements="144" coveredstatements="118" conditionals="90" coveredconditionals="67" methods="23" coveredmethods="21"/>
      <line num="13" count="10" type="stmt"/>
      <line num="14" count="44" type="cond" truecount="2" falsecount="0"/>
      <line num="15" count="10" type="stmt"/>
      <line num="17" count="10" type="cond" truecount="2" falsecount="0"/>
      <line num="18" count="5" type="stmt"/>
      <line num="27" count="5" type="stmt"/>
      <line num="28" count="5" type="stmt"/>
      <line num="29" count="9" type="stmt"/>
      <line num="30" count="9" type="stmt"/>
      <line num="31" count="9" type="stmt"/>
      <line num="32" count="9" type="stmt"/>
      <line num="33" count="9" type="stmt"/>
      <line num="36" count="9" type="stmt"/>
      <line num="39" count="5" type="stmt"/>
      <line num="40" count="5" type="stmt"/>
      <line num="41" count="14" type="stmt"/>
      <line num="42" count="44" type="cond" truecount="3" falsecount="0"/>
      <line num="44" count="14" type="cond" truecount="2" falsecount="0"/>
      <line num="45" count="2" type="stmt"/>
      <line num="46" count="2" type="stmt"/>
      <line num="47" count="2" type="stmt"/>
      <line num="48" count="2" type="stmt"/>
      <line num="49" count="2" type="stmt"/>
      <line num="53" count="5" type="cond" truecount="2" falsecount="0"/>
      <line num="54" count="2" type="stmt"/>
      <line num="57" count="5" type="stmt"/>
      <line num="73" count="2" type="stmt"/>
      <line num="75" count="2" type="cond" truecount="1" falsecount="1"/>
      <line num="76" count="0" type="stmt"/>
      <line num="79" count="2" type="stmt"/>
      <line num="82" count="2" type="stmt"/>
      <line num="83" count="2" type="stmt"/>
      <line num="86" count="2" type="stmt"/>
      <line num="87" count="2" type="stmt"/>
      <line num="90" count="2" type="stmt"/>
      <line num="91" count="2" type="stmt"/>
      <line num="93" count="2" type="stmt"/>
      <line num="95" count="2" type="stmt"/>
      <line num="111" count="2" type="stmt"/>
      <line num="112" count="5" type="cond" truecount="1" falsecount="1"/>
      <line num="113" count="0" type="stmt"/>
      <line num="115" count="2" type="cond" truecount="1" falsecount="1"/>
      <line num="116" count="2" type="stmt"/>
      <line num="120" count="0" type="stmt"/>
      <line num="122" count="0" type="stmt"/>
      <line num="123" count="0" type="stmt"/>
      <line num="124" count="0" type="stmt"/>
      <line num="125" count="0" type="stmt"/>
      <line num="128" count="0" type="cond" truecount="0" falsecount="4"/>
      <line num="129" count="0" type="stmt"/>
      <line num="130" count="0" type="stmt"/>
      <line num="134" count="0" type="cond" truecount="0" falsecount="2"/>
      <line num="135" count="0" type="stmt"/>
      <line num="139" count="0" type="stmt"/>
      <line num="140" count="0" type="stmt"/>
      <line num="142" count="0" type="stmt"/>
      <line num="143" count="0" type="stmt"/>
      <line num="145" count="0" type="stmt"/>
      <line num="161" count="5" type="stmt"/>
      <line num="162" count="7" type="stmt"/>
      <line num="163" count="0" type="stmt"/>
      <line num="166" count="5" type="stmt"/>
      <line num="167" count="2" type="cond" truecount="3" falsecount="0"/>
      <line num="170" count="5" type="cond" truecount="2" falsecount="0"/>
      <line num="172" count="4" type="cond" truecount="1" falsecount="1"/>
      <line num="173" count="4" type="cond" truecount="2" falsecount="0"/>
      <line num="174" count="3" type="stmt"/>
      <line num="177" count="1" type="stmt"/>
      <line num="188" count="1" type="stmt"/>
      <line num="189" count="1" type="stmt"/>
      <line num="191" count="1" type="stmt"/>
      <line num="207" count="3" type="cond" truecount="4" falsecount="0"/>
      <line num="208" count="1" type="stmt"/>
      <line num="214" count="2" type="stmt"/>
      <line num="217" count="2" type="stmt"/>
      <line num="218" count="2" type="stmt"/>
      <line num="219" count="2" type="stmt"/>
      <line num="222" count="2" type="stmt"/>
      <line num="223" count="2" type="stmt"/>
      <line num="225" count="2" type="cond" truecount="1" falsecount="1"/>
      <line num="226" count="0" type="stmt"/>
      <line num="227" count="0" type="stmt"/>
      <line num="228" count="2" type="cond" truecount="1" falsecount="1"/>
      <line num="229" count="0" type="stmt"/>
      <line num="230" count="0" type="stmt"/>
      <line num="231" count="2" type="cond" truecount="1" falsecount="1"/>
      <line num="232" count="2" type="stmt"/>
      <line num="233" count="2" type="stmt"/>
      <line num="236" count="2" type="cond" truecount="1" falsecount="1"/>
      <line num="237" count="0" type="stmt"/>
      <line num="245" count="2" type="stmt"/>
      <line num="246" count="2" type="stmt"/>
      <line num="247" count="2" type="stmt"/>
      <line num="250" count="2" type="stmt"/>
      <line num="251" count="2" type="stmt"/>
      <line num="253" count="2" type="stmt"/>
      <line num="254" count="2" type="stmt"/>
      <line num="256" count="2" type="stmt"/>
      <line num="275" count="5" type="cond" truecount="4" falsecount="0"/>
      <line num="276" count="1" type="stmt"/>
      <line num="279" count="4" type="stmt"/>
      <line num="282" count="4" type="cond" truecount="4" falsecount="0"/>
      <line num="283" count="1" type="stmt"/>
      <line num="284" count="1" type="cond" truecount="1" falsecount="1"/>
      <line num="286" count="1" type="stmt"/>
      <line num="287" count="1" type="stmt"/>
      <line num="289" count="1" type="cond" truecount="3" falsecount="1"/>
      <line num="290" count="1" type="stmt"/>
      <line num="295" count="3" type="cond" truecount="3" falsecount="1"/>
      <line num="296" count="3" type="stmt"/>
      <line num="297" count="3" type="stmt"/>
      <line num="299" count="3" type="cond" truecount="4" falsecount="0"/>
      <line num="301" count="2" type="cond" truecount="4" falsecount="0"/>
      <line num="302" count="1" type="stmt"/>
      <line num="304" count="1" type="stmt"/>
      <line num="309" count="1" type="cond" truecount="1" falsecount="1"/>
      <line num="310" count="0" type="stmt"/>
      <line num="311" count="0" type="cond" truecount="0" falsecount="2"/>
      <line num="312" count="0" type="stmt"/>
      <line num="316" count="1" type="stmt"/>
      <line num="325" count="4" type="stmt"/>
      <line num="327" count="31" type="cond" truecount="2" falsecount="0"/>
      <line num="328" count="31" type="stmt"/>
      <line num="329" count="31" type="stmt"/>
      <line num="331" count="4" type="stmt"/>
      <line num="332" count="4" type="stmt"/>
      <line num="335" count="4" type="cond" truecount="2" falsecount="0"/>
      <line num="336" count="1" type="stmt"/>
      <line num="337" count="1" type="stmt"/>
      <line num="341" count="4" type="cond" truecount="2" falsecount="0"/>
      <line num="342" count="1" type="stmt"/>
      <line num="343" count="1" type="stmt"/>
      <line num="347" count="4" type="cond" truecount="2" falsecount="0"/>
      <line num="348" count="1" type="stmt"/>
      <line num="349" count="1" type="stmt"/>
      <line num="352" count="4" type="stmt"/>
      <line num="368" count="10" type="stmt"/>
      <line num="369" count="10" type="stmt"/>
      <line num="370" count="10" type="stmt"/>
      <line num="371" count="10" type="stmt"/>
      <line num="378" count="2" type="stmt"/>
      <line num="379" count="2" type="stmt"/>
      <line num="380" count="2" type="stmt"/>
      <line num="383" count="1" type="stmt"/>
    </file>
  </project>
</coverage>
