{"/Users/lizheng/.openclaw/workspace/projects/fertility-predictor/backend/src/services/predictor.js": {"path":"/Users/lizheng/.openclaw/workspace/projects/fertility-predictor/backend/src/services/predictor.js","statementMap":{"0":{"start":{"line":13,"column":30},"end":{"line":15,"column":49}},"1":{"start":{"line":14,"column":17},"end":{"line":14,"column":55}},"2":{"start":{"line":15,"column":20},"end":{"line":15,"column":48}},"3":{"start":{"line":17,"column":2},"end":{"line":24,"column":3}},"4":{"start":{"line":18,"column":4},"end":{"line":23,"column":6}},"5":{"start":{"line":27,"column":17},"end":{"line":27,"column":19}},"6":{"start":{"line":28,"column":2},"end":{"line":34,"column":3}},"7":{"start":{"line":28,"column":15},"end":{"line":28,"column":16}},"8":{"start":{"line":29,"column":17},"end":{"line":29,"column":58}},"9":{"start":{"line":30,"column":17},"end":{"line":30,"column":54}},"10":{"start":{"line":31,"column":21},"end":{"line":31,"column":42}},"11":{"start":{"line":32,"column":21},"end":{"line":32,"column":64}},"12":{"start":{"line":33,"column":4},"end":{"line":33,"column":26}},"13":{"start":{"line":36,"column":23},"end":{"line":36,"column":84}},"14":{"start":{"line":36,"column":58},"end":{"line":36,"column":63}},"15":{"start":{"line":39,"column":24},"end":{"line":39,"column":26}},"16":{"start":{"line":40,"column":2},"end":{"line":51,"column":3}},"17":{"start":{"line":41,"column":22},"end":{"line":43,"column":5}},"18":{"start":{"line":42,"column":11},"end":{"line":42,"column":71}},"19":{"start":{"line":44,"column":4},"end":{"line":50,"column":5}},"20":{"start":{"line":45,"column":20},"end":{"line":45,"column":41}},"21":{"start":{"line":46,"column":18},"end":{"line":46,"column":42}},"22":{"start":{"line":47,"column":23},"end":{"line":47,"column":44}},"23":{"start":{"line":48,"column":23},"end":{"line":48,"column":70}},"24":{"start":{"line":49,"column":6},"end":{"line":49,"column":35}},"25":{"start":{"line":53,"column":30},"end":{"line":55,"column":7}},"26":{"start":{"line":54,"column":48},"end":{"line":54,"column":53}},"27":{"start":{"line":57,"column":2},"end":{"line":64,"column":4}},"28":{"start":{"line":73,"column":64},"end":{"line":73,"column":74}},"29":{"start":{"line":75,"column":2},"end":{"line":77,"column":3}},"30":{"start":{"line":76,"column":4},"end":{"line":76,"column":16}},"31":{"start":{"line":79,"column":21},"end":{"line":79,"column":45}},"32":{"start":{"line":82,"column":25},"end":{"line":82,"column":45}},"33":{"start":{"line":83,"column":2},"end":{"line":83,"column":66}},"34":{"start":{"line":86,"column":24},"end":{"line":86,"column":48}},"35":{"start":{"line":87,"column":2},"end":{"line":87,"column":54}},"36":{"start":{"line":90,"column":29},"end":{"line":90,"column":52}},"37":{"start":{"line":91,"column":2},"end":{"line":91,"column":63}},"38":{"start":{"line":93,"column":27},"end":{"line":93,"column":50}},"39":{"start":{"line":95,"column":2},"end":{"line":102,"column":4}},"40":{"start":{"line":111,"column":29},"end":{"line":113,"column":49}},"41":{"start":{"line":112,"column":17},"end":{"line":112,"column":52}},"42":{"start":{"line":113,"column":20},"end":{"line":113,"column":48}},"43":{"start":{"line":115,"column":2},"end":{"line":117,"column":3}},"44":{"start":{"line":116,"column":4},"end":{"line":116,"column":16}},"45":{"start":{"line":120,"column":24},"end":{"line":120,"column":28}},"46":{"start":{"line":122,"column":2},"end":{"line":132,"column":3}},"47":{"start":{"line":122,"column":15},"end":{"line":122,"column":16}},"48":{"start":{"line":123,"column":17},"end":{"line":123,"column":48}},"49":{"start":{"line":124,"column":17},"end":{"line":124,"column":44}},"50":{"start":{"line":125,"column":17},"end":{"line":125,"column":48}},"51":{"start":{"line":128,"column":4},"end":{"line":131,"column":5}},"52":{"start":{"line":129,"column":6},"end":{"line":129,"column":55}},"53":{"start":{"line":130,"column":6},"end":{"line":130,"column":12}},"54":{"start":{"line":134,"column":2},"end":{"line":136,"column":3}},"55":{"start":{"line":135,"column":4},"end":{"line":135,"column":16}},"56":{"start":{"line":139,"column":24},"end":{"line":139,"column":49}},"57":{"start":{"line":140,"column":2},"end":{"line":140,"column":53}},"58":{"start":{"line":142,"column":29},"end":{"line":142,"column":52}},"59":{"start":{"line":143,"column":2},"end":{"line":143,"column":63}},"60":{"start":{"line":145,"column":2},"end":{"line":152,"column":4}},"61":{"start":{"line":161,"column":22},"end":{"line":163,"column":49}},"62":{"start":{"line":162,"column":17},"end":{"line":162,"column":39}},"63":{"start":{"line":163,"column":20},"end":{"line":163,"column":48}},"64":{"start":{"line":166,"column":24},"end":{"line":168,"column":3}},"65":{"start":{"line":167,"column":9},"end":{"line":167,"column":72}},"66":{"start":{"line":170,"column":2},"end":{"line":185,"column":3}},"67":{"start":{"line":172,"column":25},"end":{"line":172,"column":89}},"68":{"start":{"line":172,"column":47},"end":{"line":172,"column":88}},"69":{"start":{"line":173,"column":4},"end":{"line":175,"column":5}},"70":{"start":{"line":174,"column":6},"end":{"line":174,"column":18}},"71":{"start":{"line":177,"column":4},"end":{"line":184,"column":6}},"72":{"start":{"line":188,"column":24},"end":{"line":188,"column":40}},"73":{"start":{"line":189,"column":24},"end":{"line":189,"column":66}},"74":{"start":{"line":191,"column":2},"end":{"line":198,"column":4}},"75":{"start":{"line":207,"column":2},"end":{"line":212,"column":3}},"76":{"start":{"line":208,"column":4},"end":{"line":211,"column":6}},"77":{"start":{"line":214,"column":21},"end":{"line":214,"column":48}},"78":{"start":{"line":217,"column":26},"end":{"line":217,"column":52}},"79":{"start":{"line":218,"column":32},"end":{"line":218,"column":61}},"80":{"start":{"line":219,"column":34},"end":{"line":219,"column":65}},"81":{"start":{"line":222,"column":23},"end":{"line":222,"column":27}},"82":{"start":{"line":223,"column":19},"end":{"line":223,"column":20}},"83":{"start":{"line":225,"column":2},"end":{"line":234,"column":3}},"84":{"start":{"line":226,"column":4},"end":{"line":226,"column":45}},"85":{"start":{"line":227,"column":4},"end":{"line":227,"column":52}},"86":{"start":{"line":228,"column":9},"end":{"line":234,"column":3}},"87":{"start":{"line":229,"column":4},"end":{"line":229,"column":43}},"88":{"start":{"line":230,"column":4},"end":{"line":230,"column":50}},"89":{"start":{"line":231,"column":9},"end":{"line":234,"column":3}},"90":{"start":{"line":232,"column":4},"end":{"line":232,"column":37}},"91":{"start":{"line":233,"column":4},"end":{"line":233,"column":44}},"92":{"start":{"line":236,"column":2},"end":{"line":242,"column":3}},"93":{"start":{"line":237,"column":4},"end":{"line":241,"column":6}},"94":{"start":{"line":245,"column":24},"end":{"line":245,"column":62}},"95":{"start":{"line":246,"column":29},"end":{"line":246,"column":72}},"96":{"start":{"line":247,"column":27},"end":{"line":247,"column":68}},"97":{"start":{"line":250,"column":26},"end":{"line":250,"column":52}},"98":{"start":{"line":251,"column":2},"end":{"line":251,"column":57}},"99":{"start":{"line":253,"column":27},"end":{"line":253,"column":50}},"100":{"start":{"line":254,"column":2},"end":{"line":254,"column":59}},"101":{"start":{"line":256,"column":2},"end":{"line":265,"column":4}},"102":{"start":{"line":275,"column":2},"end":{"line":277,"column":3}},"103":{"start":{"line":276,"column":4},"end":{"line":276,"column":21}},"104":{"start":{"line":279,"column":21},"end":{"line":279,"column":35}},"105":{"start":{"line":282,"column":2},"end":{"line":292,"column":3}},"106":{"start":{"line":283,"column":23},"end":{"line":283,"column":69}},"107":{"start":{"line":284,"column":25},"end":{"line":284,"column":71}},"108":{"start":{"line":286,"column":22},"end":{"line":286,"column":42}},"109":{"start":{"line":287,"column":4},"end":{"line":287,"column":58}},"110":{"start":{"line":289,"column":4},"end":{"line":291,"column":5}},"111":{"start":{"line":290,"column":6},"end":{"line":290,"column":28}},"112":{"start":{"line":295,"column":2},"end":{"line":306,"column":3}},"113":{"start":{"line":296,"column":25},"end":{"line":296,"column":64}},"114":{"start":{"line":297,"column":23},"end":{"line":297,"column":60}},"115":{"start":{"line":299,"column":4},"end":{"line":305,"column":5}},"116":{"start":{"line":301,"column":6},"end":{"line":303,"column":7}},"117":{"start":{"line":302,"column":8},"end":{"line":302,"column":27}},"118":{"start":{"line":304,"column":6},"end":{"line":304,"column":23}},"119":{"start":{"line":309,"column":2},"end":{"line":314,"column":3}},"120":{"start":{"line":310,"column":23},"end":{"line":310,"column":58}},"121":{"start":{"line":311,"column":4},"end":{"line":313,"column":5}},"122":{"start":{"line":312,"column":6},"end":{"line":312,"column":28}},"123":{"start":{"line":316,"column":2},"end":{"line":316,"column":16}},"124":{"start":{"line":325,"column":21},"end":{"line":325,"column":48}},"125":{"start":{"line":327,"column":30},"end":{"line":327,"column":96}},"126":{"start":{"line":327,"column":50},"end":{"line":327,"column":88}},"127":{"start":{"line":328,"column":29},"end":{"line":328,"column":81}},"128":{"start":{"line":328,"column":49},"end":{"line":328,"column":73}},"129":{"start":{"line":329,"column":31},"end":{"line":329,"column":81}},"130":{"start":{"line":329,"column":51},"end":{"line":329,"column":73}},"131":{"start":{"line":331,"column":19},"end":{"line":331,"column":20}},"132":{"start":{"line":332,"column":16},"end":{"line":332,"column":18}},"133":{"start":{"line":335,"column":2},"end":{"line":338,"column":3}},"134":{"start":{"line":336,"column":4},"end":{"line":336,"column":22}},"135":{"start":{"line":337,"column":4},"end":{"line":337,"column":26}},"136":{"start":{"line":341,"column":2},"end":{"line":344,"column":3}},"137":{"start":{"line":342,"column":4},"end":{"line":342,"column":22}},"138":{"start":{"line":343,"column":4},"end":{"line":343,"column":32}},"139":{"start":{"line":347,"column":2},"end":{"line":350,"column":3}},"140":{"start":{"line":348,"column":4},"end":{"line":348,"column":22}},"141":{"start":{"line":349,"column":4},"end":{"line":349,"column":35}},"142":{"start":{"line":352,"column":2},"end":{"line":361,"column":4}},"143":{"start":{"line":368,"column":15},"end":{"line":368,"column":33}},"144":{"start":{"line":369,"column":16},"end":{"line":369,"column":60}},"145":{"start":{"line":370,"column":14},"end":{"line":370,"column":53}},"146":{"start":{"line":371,"column":2},"end":{"line":371,"column":35}},"147":{"start":{"line":378,"column":15},"end":{"line":378,"column":32}},"148":{"start":{"line":379,"column":2},"end":{"line":379,"column":38}},"149":{"start":{"line":380,"column":2},"end":{"line":380,"column":14}},"150":{"start":{"line":383,"column":0},"end":{"line":391,"column":2}}},"fnMap":{"0":{"name":"getCycleStatistics","decl":{"start":{"line":11,"column":9},"end":{"line":11,"column":27}},"loc":{"start":{"line":11,"column":37},"end":{"line":65,"column":1}},"line":11},"1":{"name":"(anonymous_1)","decl":{"start":{"line":14,"column":12},"end":{"line":14,"column":13}},"loc":{"start":{"line":14,"column":17},"end":{"line":14,"column":55}},"line":14},"2":{"name":"(anonymous_2)","decl":{"start":{"line":15,"column":10},"end":{"line":15,"column":11}},"loc":{"start":{"line":15,"column":20},"end":{"line":15,"column":48}},"line":15},"3":{"name":"(anonymous_3)","decl":{"start":{"line":36,"column":48},"end":{"line":36,"column":49}},"loc":{"start":{"line":36,"column":58},"end":{"line":36,"column":63}},"line":36},"4":{"name":"(anonymous_4)","decl":{"start":{"line":42,"column":6},"end":{"line":42,"column":7}},"loc":{"start":{"line":42,"column":11},"end":{"line":42,"column":71}},"line":42},"5":{"name":"(anonymous_5)","decl":{"start":{"line":54,"column":38},"end":{"line":54,"column":39}},"loc":{"start":{"line":54,"column":48},"end":{"line":54,"column":53}},"line":54},"6":{"name":"predictByCycle","decl":{"start":{"line":72,"column":9},"end":{"line":72,"column":23}},"loc":{"start":{"line":72,"column":36},"end":{"line":103,"column":1}},"line":72},"7":{"name":"predictByTemperature","decl":{"start":{"line":110,"column":9},"end":{"line":110,"column":29}},"loc":{"start":{"line":110,"column":39},"end":{"line":153,"column":1}},"line":110},"8":{"name":"(anonymous_8)","decl":{"start":{"line":112,"column":12},"end":{"line":112,"column":13}},"loc":{"start":{"line":112,"column":17},"end":{"line":112,"column":52}},"line":112},"9":{"name":"(anonymous_9)","decl":{"start":{"line":113,"column":10},"end":{"line":113,"column":11}},"loc":{"start":{"line":113,"column":20},"end":{"line":113,"column":48}},"line":113},"10":{"name":"predictByOvulationTest","decl":{"start":{"line":160,"column":9},"end":{"line":160,"column":31}},"loc":{"start":{"line":160,"column":41},"end":{"line":199,"column":1}},"line":160},"11":{"name":"(anonymous_11)","decl":{"start":{"line":162,"column":12},"end":{"line":162,"column":13}},"loc":{"start":{"line":162,"column":17},"end":{"line":162,"column":39}},"line":162},"12":{"name":"(anonymous_12)","decl":{"start":{"line":163,"column":10},"end":{"line":163,"column":11}},"loc":{"start":{"line":163,"column":20},"end":{"line":163,"column":48}},"line":163},"13":{"name":"(anonymous_13)","decl":{"start":{"line":167,"column":4},"end":{"line":167,"column":5}},"loc":{"start":{"line":167,"column":9},"end":{"line":167,"column":72}},"line":167},"14":{"name":"(anonymous_14)","decl":{"start":{"line":172,"column":42},"end":{"line":172,"column":43}},"loc":{"start":{"line":172,"column":47},"end":{"line":172,"column":88}},"line":172},"15":{"name":"generatePrediction","decl":{"start":{"line":206,"column":9},"end":{"line":206,"column":27}},"loc":{"start":{"line":206,"column":37},"end":{"line":266,"column":1}},"line":206},"16":{"name":"getDateStatus","decl":{"start":{"line":274,"column":9},"end":{"line":274,"column":22}},"loc":{"start":{"line":274,"column":41},"end":{"line":317,"column":1}},"line":274},"17":{"name":"getPredictionConfidence","decl":{"start":{"line":324,"column":9},"end":{"line":324,"column":32}},"loc":{"start":{"line":324,"column":42},"end":{"line":362,"column":1}},"line":324},"18":{"name":"(anonymous_18)","decl":{"start":{"line":327,"column":45},"end":{"line":327,"column":46}},"loc":{"start":{"line":327,"column":50},"end":{"line":327,"column":88}},"line":327},"19":{"name":"(anonymous_19)","decl":{"start":{"line":328,"column":44},"end":{"line":328,"column":45}},"loc":{"start":{"line":328,"column":49},"end":{"line":328,"column":73}},"line":328},"20":{"name":"(anonymous_20)","decl":{"start":{"line":329,"column":46},"end":{"line":329,"column":47}},"loc":{"start":{"line":329,"column":51},"end":{"line":329,"column":73}},"line":329},"21":{"name":"formatDate","decl":{"start":{"line":367,"column":9},"end":{"line":367,"column":19}},"loc":{"start":{"line":367,"column":26},"end":{"line":372,"column":1}},"line":367},"22":{"name":"addDays","decl":{"start":{"line":377,"column":9},"end":{"line":377,"column":16}},"loc":{"start":{"line":377,"column":32},"end":{"line":381,"column":1}},"line":377}},"branchMap":{"0":{"loc":{"start":{"line":14,"column":17},"end":{"line":14,"column":55}},"type":"binary-expr","locations":[{"start":{"line":14,"column":17},"end":{"line":14,"column":42}},{"start":{"line":14,"column":46},"end":{"line":14,"column":55}}],"line":14},"1":{"loc":{"start":{"line":17,"column":2},"end":{"line":24,"column":3}},"type":"if","locations":[{"start":{"line":17,"column":2},"end":{"line":24,"column":3}},{"start":{},"end":{}}],"line":17},"2":{"loc":{"start":{"line":42,"column":11},"end":{"line":42,"column":71}},"type":"binary-expr","locations":[{"start":{"line":42,"column":11},"end":{"line":42,"column":36}},{"start":{"line":42,"column":40},"end":{"line":42,"column":47}},{"start":{"line":42,"column":51},"end":{"line":42,"column":71}}],"line":42},"3":{"loc":{"start":{"line":44,"column":4},"end":{"line":50,"column":5}},"type":"if","locations":[{"start":{"line":44,"column":4},"end":{"line":50,"column":5}},{"start":{},"end":{}}],"line":44},"4":{"loc":{"start":{"line":53,"column":30},"end":{"line":55,"column":7}},"type":"cond-expr","locations":[{"start":{"line":54,"column":6},"end":{"line":54,"column":81}},{"start":{"line":55,"column":6},"end":{"line":55,"column":7}}],"line":53},"5":{"loc":{"start":{"line":75,"column":2},"end":{"line":77,"column":3}},"type":"if","locations":[{"start":{"line":75,"column":2},"end":{"line":77,"column":3}},{"start":{},"end":{}}],"line":75},"6":{"loc":{"start":{"line":112,"column":17},"end":{"line":112,"column":52}},"type":"binary-expr","locations":[{"start":{"line":112,"column":17},"end":{"line":112,"column":41}},{"start":{"line":112,"column":45},"end":{"line":112,"column":52}}],"line":112},"7":{"loc":{"start":{"line":115,"column":2},"end":{"line":117,"column":3}},"type":"if","locations":[{"start":{"line":115,"column":2},"end":{"line":117,"column":3}},{"start":{},"end":{}}],"line":115},"8":{"loc":{"start":{"line":128,"column":4},"end":{"line":131,"column":5}},"type":"if","locations":[{"start":{"line":128,"column":4},"end":{"line":131,"column":5}},{"start":{},"end":{}}],"line":128},"9":{"loc":{"start":{"line":128,"column":8},"end":{"line":128,"column":40}},"type":"binary-expr","locations":[{"start":{"line":128,"column":8},"end":{"line":128,"column":25}},{"start":{"line":128,"column":29},"end":{"line":128,"column":40}}],"line":128},"10":{"loc":{"start":{"line":134,"column":2},"end":{"line":136,"column":3}},"type":"if","locations":[{"start":{"line":134,"column":2},"end":{"line":136,"column":3}},{"start":{},"end":{}}],"line":134},"11":{"loc":{"start":{"line":167,"column":9},"end":{"line":167,"column":72}},"type":"binary-expr","locations":[{"start":{"line":167,"column":9},"end":{"line":167,"column":26}},{"start":{"line":167,"column":30},"end":{"line":167,"column":52}},{"start":{"line":167,"column":56},"end":{"line":167,"column":72}}],"line":167},"12":{"loc":{"start":{"line":170,"column":2},"end":{"line":185,"column":3}},"type":"if","locations":[{"start":{"line":170,"column":2},"end":{"line":185,"column":3}},{"start":{},"end":{}}],"line":170},"13":{"loc":{"start":{"line":172,"column":47},"end":{"line":172,"column":88}},"type":"binary-expr","locations":[{"start":{"line":172,"column":47},"end":{"line":172,"column":64}},{"start":{"line":172,"column":68},"end":{"line":172,"column":88}}],"line":172},"14":{"loc":{"start":{"line":173,"column":4},"end":{"line":175,"column":5}},"type":"if","locations":[{"start":{"line":173,"column":4},"end":{"line":175,"column":5}},{"start":{},"end":{}}],"line":173},"15":{"loc":{"start":{"line":207,"column":2},"end":{"line":212,"column":3}},"type":"if","locations":[{"start":{"line":207,"column":2},"end":{"line":212,"column":3}},{"start":{},"end":{}}],"line":207},"16":{"loc":{"start":{"line":207,"column":6},"end":{"line":207,"column":38}},"type":"binary-expr","locations":[{"start":{"line":207,"column":6},"end":{"line":207,"column":14}},{"start":{"line":207,"column":18},"end":{"line":207,"column":38}}],"line":207},"17":{"loc":{"start":{"line":225,"column":2},"end":{"line":234,"column":3}},"type":"if","locations":[{"start":{"line":225,"column":2},"end":{"line":234,"column":3}},{"start":{"line":228,"column":9},"end":{"line":234,"column":3}}],"line":225},"18":{"loc":{"start":{"line":228,"column":9},"end":{"line":234,"column":3}},"type":"if","locations":[{"start":{"line":228,"column":9},"end":{"line":234,"column":3}},{"start":{"line":231,"column":9},"end":{"line":234,"column":3}}],"line":228},"19":{"loc":{"start":{"line":231,"column":9},"end":{"line":234,"column":3}},"type":"if","locations":[{"start":{"line":231,"column":9},"end":{"line":234,"column":3}},{"start":{},"end":{}}],"line":231},"20":{"loc":{"start":{"line":236,"column":2},"end":{"line":242,"column":3}},"type":"if","locations":[{"start":{"line":236,"column":2},"end":{"line":242,"column":3}},{"start":{},"end":{}}],"line":236},"21":{"loc":{"start":{"line":262,"column":21},"end":{"line":262,"column":86}},"type":"cond-expr","locations":[{"start":{"line":262,"column":41},"end":{"line":262,"column":47}},{"start":{"line":262,"column":50},"end":{"line":262,"column":86}}],"line":262},"22":{"loc":{"start":{"line":262,"column":50},"end":{"line":262,"column":86}},"type":"cond-expr","locations":[{"start":{"line":262,"column":70},"end":{"line":262,"column":78}},{"start":{"line":262,"column":81},"end":{"line":262,"column":86}}],"line":262},"23":{"loc":{"start":{"line":275,"column":2},"end":{"line":277,"column":3}},"type":"if","locations":[{"start":{"line":275,"column":2},"end":{"line":277,"column":3}},{"start":{},"end":{}}],"line":275},"24":{"loc":{"start":{"line":275,"column":6},"end":{"line":275,"column":40}},"type":"binary-expr","locations":[{"start":{"line":275,"column":6},"end":{"line":275,"column":17}},{"start":{"line":275,"column":21},"end":{"line":275,"column":40}}],"line":275},"25":{"loc":{"start":{"line":282,"column":2},"end":{"line":292,"column":3}},"type":"if","locations":[{"start":{"line":282,"column":2},"end":{"line":292,"column":3}},{"start":{},"end":{}}],"line":282},"26":{"loc":{"start":{"line":282,"column":6},"end":{"line":282,"column":67}},"type":"binary-expr","locations":[{"start":{"line":282,"column":6},"end":{"line":282,"column":27}},{"start":{"line":282,"column":31},"end":{"line":282,"column":67}}],"line":282},"27":{"loc":{"start":{"line":284,"column":25},"end":{"line":284,"column":71}},"type":"binary-expr","locations":[{"start":{"line":284,"column":25},"end":{"line":284,"column":66}},{"start":{"line":284,"column":70},"end":{"line":284,"column":71}}],"line":284},"28":{"loc":{"start":{"line":289,"column":4},"end":{"line":291,"column":5}},"type":"if","locations":[{"start":{"line":289,"column":4},"end":{"line":291,"column":5}},{"start":{},"end":{}}],"line":289},"29":{"loc":{"start":{"line":289,"column":8},"end":{"line":289,"column":59}},"type":"binary-expr","locations":[{"start":{"line":289,"column":8},"end":{"line":289,"column":32}},{"start":{"line":289,"column":36},"end":{"line":289,"column":59}}],"line":289},"30":{"loc":{"start":{"line":295,"column":2},"end":{"line":306,"column":3}},"type":"if","locations":[{"start":{"line":295,"column":2},"end":{"line":306,"column":3}},{"start":{},"end":{}}],"line":295},"31":{"loc":{"start":{"line":295,"column":6},"end":{"line":295,"column":66}},"type":"binary-expr","locations":[{"start":{"line":295,"column":6},"end":{"line":295,"column":35}},{"start":{"line":295,"column":39},"end":{"line":295,"column":66}}],"line":295},"32":{"loc":{"start":{"line":299,"column":4},"end":{"line":305,"column":5}},"type":"if","locations":[{"start":{"line":299,"column":4},"end":{"line":305,"column":5}},{"start":{},"end":{}}],"line":299},"33":{"loc":{"start":{"line":299,"column":8},"end":{"line":299,"column":62}},"type":"binary-expr","locations":[{"start":{"line":299,"column":8},"end":{"line":299,"column":34}},{"start":{"line":299,"column":38},"end":{"line":299,"column":62}}],"line":299},"34":{"loc":{"start":{"line":301,"column":6},"end":{"line":303,"column":7}},"type":"if","locations":[{"start":{"line":301,"column":6},"end":{"line":303,"column":7}},{"start":{},"end":{}}],"line":301},"35":{"loc":{"start":{"line":301,"column":10},"end":{"line":301,"column":71}},"type":"binary-expr","locations":[{"start":{"line":301,"column":10},"end":{"line":301,"column":34}},{"start":{"line":301,"column":38},"end":{"line":301,"column":71}}],"line":301},"36":{"loc":{"start":{"line":309,"column":2},"end":{"line":314,"column":3}},"type":"if","locations":[{"start":{"line":309,"column":2},"end":{"line":314,"column":3}},{"start":{},"end":{}}],"line":309},"37":{"loc":{"start":{"line":311,"column":4},"end":{"line":313,"column":5}},"type":"if","locations":[{"start":{"line":311,"column":4},"end":{"line":313,"column":5}},{"start":{},"end":{}}],"line":311},"38":{"loc":{"start":{"line":327,"column":50},"end":{"line":327,"column":88}},"type":"binary-expr","locations":[{"start":{"line":327,"column":50},"end":{"line":327,"column":75}},{"start":{"line":327,"column":79},"end":{"line":327,"column":88}}],"line":327},"39":{"loc":{"start":{"line":335,"column":2},"end":{"line":338,"column":3}},"type":"if","locations":[{"start":{"line":335,"column":2},"end":{"line":338,"column":3}},{"start":{},"end":{}}],"line":335},"40":{"loc":{"start":{"line":341,"column":2},"end":{"line":344,"column":3}},"type":"if","locations":[{"start":{"line":341,"column":2},"end":{"line":344,"column":3}},{"start":{},"end":{}}],"line":341},"41":{"loc":{"start":{"line":347,"column":2},"end":{"line":350,"column":3}},"type":"if","locations":[{"start":{"line":347,"column":2},"end":{"line":350,"column":3}},{"start":{},"end":{}}],"line":347},"42":{"loc":{"start":{"line":354,"column":11},"end":{"line":354,"column":76}},"type":"cond-expr","locations":[{"start":{"line":354,"column":31},"end":{"line":354,"column":37}},{"start":{"line":354,"column":40},"end":{"line":354,"column":76}}],"line":354},"43":{"loc":{"start":{"line":354,"column":40},"end":{"line":354,"column":76}},"type":"cond-expr","locations":[{"start":{"line":354,"column":60},"end":{"line":354,"column":68}},{"start":{"line":354,"column":71},"end":{"line":354,"column":76}}],"line":354}},"s":{"0":10,"1":44,"2":10,"3":10,"4":5,"5":5,"6":5,"7":5,"8":9,"9":9,"10":9,"11":9,"12":9,"13":5,"14":9,"15":5,"16":5,"17":14,"18":44,"19":14,"20":2,"21":2,"22":2,"23":2,"24":2,"25":5,"26":2,"27":5,"28":2,"29":2,"30":0,"31":2,"32":2,"33":2,"34":2,"35":2,"36":2,"37":2,"38":2,"39":2,"40":2,"41":5,"42":0,"43":2,"44":2,"45":0,"46":0,"47":0,"48":0,"49":0,"50":0,"51":0,"52":0,"53":0,"54":0,"55":0,"56":0,"57":0,"58":0,"59":0,"60":0,"61":5,"62":7,"63":0,"64":5,"65":2,"66":5,"67":4,"68":1,"69":4,"70":3,"71":1,"72":1,"73":1,"74":1,"75":3,"76":1,"77":2,"78":2,"79":2,"80":2,"81":2,"82":2,"83":2,"84":0,"85":0,"86":2,"87":0,"88":0,"89":2,"90":2,"91":2,"92":2,"93":0,"94":2,"95":2,"96":2,"97":2,"98":2,"99":2,"100":2,"101":2,"102":5,"103":1,"104":4,"105":4,"106":1,"107":1,"108":1,"109":1,"110":1,"111":1,"112":3,"113":3,"114":3,"115":3,"116":2,"117":1,"118":1,"119":1,"120":0,"121":0,"122":0,"123":1,"124":4,"125":4,"126":31,"127":4,"128":31,"129":4,"130":31,"131":4,"132":4,"133":4,"134":1,"135":1,"136":4,"137":1,"138":1,"139":4,"140":1,"141":1,"142":4,"143":10,"144":10,"145":10,"146":10,"147":2,"148":2,"149":2,"150":1},"f":{"0":10,"1":44,"2":10,"3":9,"4":44,"5":2,"6":2,"7":2,"8":5,"9":0,"10":5,"11":7,"12":0,"13":2,"14":1,"15":3,"16":5,"17":4,"18":31,"19":31,"20":31,"21":10,"22":2},"b":{"0":[44,17],"1":[5,5],"2":[44,44,3],"3":[2,12],"4":[1,4],"5":[0,2],"6":[5,0],"7":[2,0],"8":[0,0],"9":[0,0],"10":[0,0],"11":[2,1,1],"12":[4,1],"13":[1,0],"14":[3,1],"15":[1,2],"16":[3,3],"17":[0,2],"18":[0,2],"19":[2,0],"20":[0,2],"21":[0,2],"22":[2,0],"23":[1,4],"24":[5,5],"25":[1,3],"26":[4,4],"27":[1,0],"28":[1,0],"29":[1,1],"30":[3,0],"31":[3,3],"32":[2,1],"33":[3,3],"34":[1,1],"35":[2,2],"36":[0,1],"37":[0,0],"38":[31,4],"39":[1,3],"40":[1,3],"41":[1,3],"42":[0,4],"43":[1,3]},"_coverageSchema":"1a1c01bbd47fc00a2c39e90264f33305004495a9","hash":"f9943fb50e36051eef16d0d91bff19f6a5e61a5b"}
}
