TN:
SF:src/services/predictor.js
FN:11,getCycleStatistics
FN:14,(anonymous_1)
FN:15,(anonymous_2)
FN:36,(anonymous_3)
FN:42,(anonymous_4)
FN:54,(anonymous_5)
FN:72,predictByCycle
FN:110,predictByTemperature
FN:112,(anonymous_8)
FN:113,(anonymous_9)
FN:160,predictByOvulationTest
FN:162,(anonymous_11)
FN:163,(anonymous_12)
FN:167,(anonymous_13)
FN:172,(anonymous_14)
FN:206,generatePrediction
FN:274,getDateStatus
FN:324,getPredictionConfidence
FN:327,(anonymous_18)
FN:328,(anonymous_19)
FN:329,(anonymous_20)
FN:367,formatDate
FN:377,addDays
FNF:23
FNH:21
FNDA:10,getCycleStatistics
FNDA:44,(anonymous_1)
FNDA:10,(anonymous_2)
FNDA:9,(anonymous_3)
FNDA:44,(anonymous_4)
FNDA:2,(anonymous_5)
FNDA:2,predictByCycle
FNDA:2,predictByTemperature
FNDA:5,(anonymous_8)
FNDA:0,(anonymous_9)
FNDA:5,predictByOvulationTest
FNDA:7,(anonymous_11)
FNDA:0,(anonymous_12)
FNDA:2,(anonymous_13)
FNDA:1,(anonymous_14)
FNDA:3,generatePrediction
FNDA:5,getDateStatus
FNDA:4,getPredictionConfidence
FNDA:31,(anonymous_18)
FNDA:31,(anonymous_19)
FNDA:31,(anonymous_20)
FNDA:10,formatDate
FNDA:2,addDays
DA:13,10
DA:14,44
DA:15,10
DA:17,10
DA:18,5
DA:27,5
DA:28,5
DA:29,9
DA:30,9
DA:31,9
DA:32,9
DA:33,9
DA:36,9
DA:39,5
DA:40,5
DA:41,14
DA:42,44
DA:44,14
DA:45,2
DA:46,2
DA:47,2
DA:48,2
DA:49,2
DA:53,5
DA:54,2
DA:57,5
DA:73,2
DA:75,2
DA:76,0
DA:79,2
DA:82,2
DA:83,2
DA:86,2
DA:87,2
DA:90,2
DA:91,2
DA:93,2
DA:95,2
DA:111,2
DA:112,5
DA:113,0
DA:115,2
DA:116,2
DA:120,0
DA:122,0
DA:123,0
DA:124,0
DA:125,0
DA:128,0
DA:129,0
DA:130,0
DA:134,0
DA:135,0
DA:139,0
DA:140,0
DA:142,0
DA:143,0
DA:145,0
DA:161,5
DA:162,7
DA:163,0
DA:166,5
DA:167,2
DA:170,5
DA:172,4
DA:173,4
DA:174,3
DA:177,1
DA:188,1
DA:189,1
DA:191,1
DA:207,3
DA:208,1
DA:214,2
DA:217,2
DA:218,2
DA:219,2
DA:222,2
DA:223,2
DA:225,2
DA:226,0
DA:227,0
DA:228,2
DA:229,0
DA:230,0
DA:231,2
DA:232,2
DA:233,2
DA:236,2
DA:237,0
DA:245,2
DA:246,2
DA:247,2
DA:250,2
DA:251,2
DA:253,2
DA:254,2
DA:256,2
DA:275,5
DA:276,1
DA:279,4
DA:282,4
DA:283,1
DA:284,1
DA:286,1
DA:287,1
DA:289,1
DA:290,1
DA:295,3
DA:296,3
DA:297,3
DA:299,3
DA:301,2
DA:302,1
DA:304,1
DA:309,1
DA:310,0
DA:311,0
DA:312,0
DA:316,1
DA:325,4
DA:327,31
DA:328,31
DA:329,31
DA:331,4
DA:332,4
DA:335,4
DA:336,1
DA:337,1
DA:341,4
DA:342,1
DA:343,1
DA:347,4
DA:348,1
DA:349,1
DA:352,4
DA:368,10
DA:369,10
DA:370,10
DA:371,10
DA:378,2
DA:379,2
DA:380,2
DA:383,1
LF:144
LH:118
BRDA:14,0,0,44
BRDA:14,0,1,17
BRDA:17,1,0,5
BRDA:17,1,1,5
BRDA:42,2,0,44
BRDA:42,2,1,44
BRDA:42,2,2,3
BRDA:44,3,0,2
BRDA:44,3,1,12
BRDA:53,4,0,1
BRDA:53,4,1,4
BRDA:75,5,0,0
BRDA:75,5,1,2
BRDA:112,6,0,5
BRDA:112,6,1,0
BRDA:115,7,0,2
BRDA:115,7,1,0
BRDA:128,8,0,0
BRDA:128,8,1,0
BRDA:128,9,0,0
BRDA:128,9,1,0
BRDA:134,10,0,0
BRDA:134,10,1,0
BRDA:167,11,0,2
BRDA:167,11,1,1
BRDA:167,11,2,1
BRDA:170,12,0,4
BRDA:170,12,1,1
BRDA:172,13,0,1
BRDA:172,13,1,0
BRDA:173,14,0,3
BRDA:173,14,1,1
BRDA:207,15,0,1
BRDA:207,15,1,2
BRDA:207,16,0,3
BRDA:207,16,1,3
BRDA:225,17,0,0
BRDA:225,17,1,2
BRDA:228,18,0,0
BRDA:228,18,1,2
BRDA:231,19,0,2
BRDA:231,19,1,0
BRDA:236,20,0,0
BRDA:236,20,1,2
BRDA:262,21,0,0
BRDA:262,21,1,2
BRDA:262,22,0,2
BRDA:262,22,1,0
BRDA:275,23,0,1
BRDA:275,23,1,4
BRDA:275,24,0,5
BRDA:275,24,1,5
BRDA:282,25,0,1
BRDA:282,25,1,3
BRDA:282,26,0,4
BRDA:282,26,1,4
BRDA:284,27,0,1
BRDA:284,27,1,0
BRDA:289,28,0,1
BRDA:289,28,1,0
BRDA:289,29,0,1
BRDA:289,29,1,1
BRDA:295,30,0,3
BRDA:295,30,1,0
BRDA:295,31,0,3
BRDA:295,31,1,3
BRDA:299,32,0,2
BRDA:299,32,1,1
BRDA:299,33,0,3
BRDA:299,33,1,3
BRDA:301,34,0,1
BRDA:301,34,1,1
BRDA:301,35,0,2
BRDA:301,35,1,2
BRDA:309,36,0,0
BRDA:309,36,1,1
BRDA:311,37,0,0
BRDA:311,37,1,0
BRDA:327,38,0,31
BRDA:327,38,1,4
BRDA:335,39,0,1
BRDA:335,39,1,3
BRDA:341,40,0,1
BRDA:341,40,1,3
BRDA:347,41,0,1
BRDA:347,41,1,3
BRDA:354,42,0,0
BRDA:354,42,1,4
BRDA:354,43,0,1
BRDA:354,43,1,3
BRF:90
BRH:67
end_of_record
